<?xml version="1.0" encoding="UTF-8"?>
<robot generator="Robot 7.0.1 (Python 3.11.9 on win32)" generated="2024-07-10T14:25:47.828973" rpa="false" schemaversion="5">
<suite id="s1" name="Testsuite" source="C:\Users\Vivek\Automation_code\rf_robot_framework\App\Testsuite">
<kw name="set paths" type="SETUP">
<kw name="Split String" owner="String">
<msg time="2024-07-10T14:25:47.879510" level="INFO">${PATH} = ['C:', 'Users', 'Vivek', 'Automation_code', 'rf_robot_framework', 'App', 'Testsuite']</msg>
<var>${PATH}</var>
<arg>C:\\Users\\Vivek\\Automation_code\\rf_robot_framework\\App\\Testsuite</arg>
<arg>${SEPERATOR}</arg>
<doc>Splits the ``string`` using ``separator`` as a delimiter string.</doc>
<status status="PASS" start="2024-07-10T14:25:47.878511" elapsed="0.000999"/>
</kw>
<kw name="Get Index From List" owner="Collections">
<msg time="2024-07-10T14:25:47.879510" level="INFO">${END} = 5</msg>
<var>${END}</var>
<arg>${PATH}</arg>
<arg>App</arg>
<doc>Returns the index of the first occurrence of the ``value`` on the list.</doc>
<status status="PASS" start="2024-07-10T14:25:47.879510" elapsed="0.000000"/>
</kw>
<kw name="Evaluate" owner="BuiltIn">
<msg time="2024-07-10T14:25:47.879510" level="INFO">${NEWEND} = 6</msg>
<var>${NEWEND}</var>
<arg>${END}+1</arg>
<doc>Evaluates the given expression in Python and returns the result.</doc>
<status status="PASS" start="2024-07-10T14:25:47.879510" elapsed="0.000000"/>
</kw>
<kw name="Get Slice From List" owner="Collections">
<msg time="2024-07-10T14:25:47.880535" level="INFO">@{APPPATH} = [ C: | Users | Vivek | Automation_code | rf_robot_framework | App ]</msg>
<var>@{APPPATH}</var>
<arg>${PATH}</arg>
<arg>start=0</arg>
<arg>end=${NEWEND}</arg>
<doc>Returns a slice of the given list between ``start`` and ``end`` indexes.</doc>
<status status="PASS" start="2024-07-10T14:25:47.879510" elapsed="0.001025"/>
</kw>
<kw name="Catenate" owner="BuiltIn">
<msg time="2024-07-10T14:25:47.880535" level="INFO">${APPDIR} = C:\Users\Vivek\Automation_code\rf_robot_framework\App</msg>
<var>${APPDIR}</var>
<arg>SEPARATOR=${SEPERATOR}</arg>
<arg>@{APPPATH}</arg>
<doc>Catenates the given items together and returns the resulted string.</doc>
<status status="PASS" start="2024-07-10T14:25:47.880535" elapsed="0.000000"/>
</kw>
<kw name="Set Global Variable" owner="BuiltIn">
<msg time="2024-07-10T14:25:47.880535" level="INFO">${APPDIR} = C:\Users\Vivek\Automation_code\rf_robot_framework\App</msg>
<arg>${APPDIR}</arg>
<doc>Makes a variable available globally in all tests and suites.</doc>
<status status="PASS" start="2024-07-10T14:25:47.880535" elapsed="0.000000"/>
</kw>
<kw name="Append To List" owner="Collections">
<arg>${APPPATH}</arg>
<arg>Config</arg>
<doc>Adds ``values`` to the end of ``list``.</doc>
<status status="PASS" start="2024-07-10T14:25:47.880535" elapsed="0.000000"/>
</kw>
<kw name="Catenate" owner="BuiltIn">
<msg time="2024-07-10T14:25:47.880535" level="INFO">${CONFIG_DIR} = C:\Users\Vivek\Automation_code\rf_robot_framework\App\Config</msg>
<var>${CONFIG_DIR}</var>
<arg>SEPARATOR=${SEPERATOR}</arg>
<arg>@{APPPATH}</arg>
<doc>Catenates the given items together and returns the resulted string.</doc>
<status status="PASS" start="2024-07-10T14:25:47.880535" elapsed="0.000000"/>
</kw>
<kw name="Set Global Variable" owner="BuiltIn">
<msg time="2024-07-10T14:25:47.880535" level="INFO">${CONFIG_DIR} = C:\Users\Vivek\Automation_code\rf_robot_framework\App\Config</msg>
<arg>${CONFIG_DIR}</arg>
<doc>Makes a variable available globally in all tests and suites.</doc>
<status status="PASS" start="2024-07-10T14:25:47.880535" elapsed="0.000000"/>
</kw>
<kw name="Remove Values From List" owner="Collections">
<arg>${APPPATH}</arg>
<arg>Config</arg>
<doc>Removes all occurrences of given ``values`` from ``list``.</doc>
<status status="PASS" start="2024-07-10T14:25:47.880535" elapsed="0.000000"/>
</kw>
<kw name="Append To List" owner="Collections">
<arg>${APPPATH}</arg>
<arg>Libraries</arg>
<doc>Adds ``values`` to the end of ``list``.</doc>
<status status="PASS" start="2024-07-10T14:25:47.880535" elapsed="0.000000"/>
</kw>
<kw name="Catenate" owner="BuiltIn">
<msg time="2024-07-10T14:25:47.882067" level="INFO">${LIBRARIES_DIR} = C:\Users\Vivek\Automation_code\rf_robot_framework\App\Libraries</msg>
<var>${LIBRARIES_DIR}</var>
<arg>SEPARATOR=${SEPERATOR}</arg>
<arg>@{APPPATH}</arg>
<doc>Catenates the given items together and returns the resulted string.</doc>
<status status="PASS" start="2024-07-10T14:25:47.880535" elapsed="0.001532"/>
</kw>
<kw name="Set Global Variable" owner="BuiltIn">
<msg time="2024-07-10T14:25:47.882183" level="INFO">${LIBRARIES_DIR} = C:\Users\Vivek\Automation_code\rf_robot_framework\App\Libraries</msg>
<arg>${LIBRARIES_DIR}</arg>
<doc>Makes a variable available globally in all tests and suites.</doc>
<status status="PASS" start="2024-07-10T14:25:47.882183" elapsed="0.000000"/>
</kw>
<kw name="Remove Values From List" owner="Collections">
<arg>${APPPATH}</arg>
<arg>Libraries</arg>
<doc>Removes all occurrences of given ``values`` from ``list``.</doc>
<status status="PASS" start="2024-07-10T14:25:47.882183" elapsed="0.000000"/>
</kw>
<kw name="Append To List" owner="Collections">
<arg>${APPPATH}</arg>
<arg>Resources</arg>
<doc>Adds ``values`` to the end of ``list``.</doc>
<status status="PASS" start="2024-07-10T14:25:47.882183" elapsed="0.000000"/>
</kw>
<kw name="Catenate" owner="BuiltIn">
<msg time="2024-07-10T14:25:47.882183" level="INFO">${RESOURCES_DIR} = C:\Users\Vivek\Automation_code\rf_robot_framework\App\Resources</msg>
<var>${RESOURCES_DIR}</var>
<arg>SEPARATOR=${SEPERATOR}</arg>
<arg>@{APPPATH}</arg>
<doc>Catenates the given items together and returns the resulted string.</doc>
<status status="PASS" start="2024-07-10T14:25:47.882183" elapsed="0.000000"/>
</kw>
<kw name="Set Global Variable" owner="BuiltIn">
<msg time="2024-07-10T14:25:47.883099" level="INFO">${RESOURCES_DIR} = C:\Users\Vivek\Automation_code\rf_robot_framework\App\Resources</msg>
<arg>${RESOURCES_DIR}</arg>
<doc>Makes a variable available globally in all tests and suites.</doc>
<status status="PASS" start="2024-07-10T14:25:47.882183" elapsed="0.000916"/>
</kw>
<kw name="Remove Values From List" owner="Collections">
<arg>${APPPATH}</arg>
<arg>Resources</arg>
<doc>Removes all occurrences of given ``values`` from ``list``.</doc>
<status status="PASS" start="2024-07-10T14:25:47.883099" elapsed="0.000000"/>
</kw>
<kw name="Append To List" owner="Collections">
<arg>${APPPATH}</arg>
<arg>Testdata</arg>
<doc>Adds ``values`` to the end of ``list``.</doc>
<status status="PASS" start="2024-07-10T14:25:47.883099" elapsed="0.000000"/>
</kw>
<kw name="Catenate" owner="BuiltIn">
<msg time="2024-07-10T14:25:47.883099" level="INFO">${TESTDATA_DIR} = C:\Users\Vivek\Automation_code\rf_robot_framework\App\Testdata</msg>
<var>${TESTDATA_DIR}</var>
<arg>SEPARATOR=${SEPERATOR}</arg>
<arg>@{APPPATH}</arg>
<doc>Catenates the given items together and returns the resulted string.</doc>
<status status="PASS" start="2024-07-10T14:25:47.883099" elapsed="0.000000"/>
</kw>
<kw name="Set Global Variable" owner="BuiltIn">
<msg time="2024-07-10T14:25:47.883099" level="INFO">${TESTDATA_DIR} = C:\Users\Vivek\Automation_code\rf_robot_framework\App\Testdata</msg>
<arg>${TESTDATA_DIR}</arg>
<doc>Makes a variable available globally in all tests and suites.</doc>
<status status="PASS" start="2024-07-10T14:25:47.883099" elapsed="0.000000"/>
</kw>
<kw name="Remove Values From List" owner="Collections">
<arg>${APPPATH}</arg>
<arg>Testdata</arg>
<doc>Removes all occurrences of given ``values`` from ``list``.</doc>
<status status="PASS" start="2024-07-10T14:25:47.883099" elapsed="0.000000"/>
</kw>
<kw name="Append To List" owner="Collections">
<arg>${APPPATH}</arg>
<arg>Testsuite</arg>
<doc>Adds ``values`` to the end of ``list``.</doc>
<status status="PASS" start="2024-07-10T14:25:47.883099" elapsed="0.000000"/>
</kw>
<kw name="Catenate" owner="BuiltIn">
<msg time="2024-07-10T14:25:47.884106" level="INFO">${TESTSUITE_DIR} = C:\Users\Vivek\Automation_code\rf_robot_framework\App\Testsuite</msg>
<var>${TESTSUITE_DIR}</var>
<arg>SEPARATOR=${SEPERATOR}</arg>
<arg>@{APPPATH}</arg>
<doc>Catenates the given items together and returns the resulted string.</doc>
<status status="PASS" start="2024-07-10T14:25:47.883099" elapsed="0.001007"/>
</kw>
<kw name="Set Global Variable" owner="BuiltIn">
<msg time="2024-07-10T14:25:47.884106" level="INFO">${TESTSUITE_DIR} = C:\Users\Vivek\Automation_code\rf_robot_framework\App\Testsuite</msg>
<arg>${TESTSUITE_DIR}</arg>
<doc>Makes a variable available globally in all tests and suites.</doc>
<status status="PASS" start="2024-07-10T14:25:47.884106" elapsed="0.000000"/>
</kw>
<kw name="Remove Values From List" owner="Collections">
<arg>${APPPATH}</arg>
<arg>Testsuite</arg>
<doc>Removes all occurrences of given ``values`` from ``list``.</doc>
<status status="PASS" start="2024-07-10T14:25:47.884106" elapsed="0.000000"/>
</kw>
<kw name="Load Environment Variables">
<kw name="Set Variable" owner="BuiltIn">
<msg time="2024-07-10T14:25:47.885086" level="INFO">${yaml_file} = C:\Users\Vivek\Automation_code\rf_robot_framework\App\Config\config.yaml</msg>
<var>${yaml_file}</var>
<arg>${CONFIG_DIR}${SEPERATOR}config.yaml</arg>
<doc>Returns the given values which can then be assigned to a variables.</doc>
<status status="PASS" start="2024-07-10T14:25:47.885086" elapsed="0.000000"/>
</kw>
<kw name="Get File" owner="OperatingSystem">
<msg time="2024-07-10T14:25:47.885086" level="INFO" html="true">Getting file '&lt;a href="file://C:\Users\Vivek\Automation_code\rf_robot_framework\App\Config\config.yaml"&gt;C:\Users\Vivek\Automation_code\rf_robot_framework\App\Config\config.yaml&lt;/a&gt;'.</msg>
<msg time="2024-07-10T14:25:47.886086" level="INFO">${file_content} = URL: https://rahulshettyacademy.com/dropdownsPractise/
ORANGEHRMSITE: https://opensource-demo.orangehrmlive.com/web/index.php/auth/login
USER: admin
GLOBALWAIT: 10s
</msg>
<var>${file_content}</var>
<arg>${yaml_file}</arg>
<doc>Returns the contents of a specified file.</doc>
<status status="PASS" start="2024-07-10T14:25:47.885086" elapsed="0.001000"/>
</kw>
<kw name="Evaluate" owner="BuiltIn">
<msg time="2024-07-10T14:25:47.887085" level="INFO">${parsed_yaml} = {'URL': 'https://rahulshettyacademy.com/dropdownsPractise/', 'ORANGEHRMSITE': 'https://opensource-demo.orangehrmlive.com/web/index.php/auth/login', 'USER': 'admin', 'GLOBALWAIT': '10s'}</msg>
<var>${parsed_yaml}</var>
<arg>yaml.load('''${file_content}''', Loader=yaml.FullLoader)</arg>
<doc>Evaluates the given expression in Python and returns the result.</doc>
<status status="PASS" start="2024-07-10T14:25:47.886086" elapsed="0.000999"/>
</kw>
<kw name="Get Dictionary Keys" owner="Collections">
<msg time="2024-07-10T14:25:47.887085" level="INFO">${Dict_keys} = ['GLOBALWAIT', 'ORANGEHRMSITE', 'URL', 'USER']</msg>
<var>${Dict_keys}</var>
<arg>${parsed_yaml}</arg>
<doc>Returns keys of the given ``dictionary`` as a list.</doc>
<status status="PASS" start="2024-07-10T14:25:47.887085" elapsed="0.000000"/>
</kw>
<kw name="Get Length" owner="BuiltIn">
<msg time="2024-07-10T14:25:47.887085" level="INFO">Length is 4.</msg>
<msg time="2024-07-10T14:25:47.887085" level="INFO">${Dictionary_count} = 4</msg>
<var>${Dictionary_count}</var>
<arg>${Dict_keys}</arg>
<doc>Returns and logs the length of the given item as an integer.</doc>
<status status="PASS" start="2024-07-10T14:25:47.887085" elapsed="0.000000"/>
</kw>
<for flavor="IN">
<iter>
<kw name="Set Variable" owner="BuiltIn">
<msg time="2024-07-10T14:25:47.887085" level="INFO">${keyname} = GLOBALWAIT</msg>
<var>${keyname}</var>
<arg>${key}</arg>
<doc>Returns the given values which can then be assigned to a variables.</doc>
<status status="PASS" start="2024-07-10T14:25:47.887085" elapsed="0.000000"/>
</kw>
<kw name="Get From Dictionary" owner="Collections">
<msg time="2024-07-10T14:25:47.888084" level="INFO">${value} = 10s</msg>
<var>${value}</var>
<arg>${parsed_yaml}</arg>
<arg>${key}</arg>
<doc>Returns a value from the given ``dictionary`` based on the given ``key``.</doc>
<status status="PASS" start="2024-07-10T14:25:47.888084" elapsed="0.000000"/>
</kw>
<kw name="Set Global Variable" owner="BuiltIn">
<msg time="2024-07-10T14:25:47.888084" level="INFO">${GLOBALWAIT} = 10s</msg>
<arg>${${keyname}}</arg>
<arg>${value}</arg>
<doc>Makes a variable available globally in all tests and suites.</doc>
<status status="PASS" start="2024-07-10T14:25:47.888084" elapsed="0.001002"/>
</kw>
<var name="${key}">GLOBALWAIT</var>
<status status="PASS" start="2024-07-10T14:25:47.887085" elapsed="0.002001"/>
</iter>
<iter>
<kw name="Set Variable" owner="BuiltIn">
<msg time="2024-07-10T14:25:47.889086" level="INFO">${keyname} = ORANGEHRMSITE</msg>
<var>${keyname}</var>
<arg>${key}</arg>
<doc>Returns the given values which can then be assigned to a variables.</doc>
<status status="PASS" start="2024-07-10T14:25:47.889086" elapsed="0.000000"/>
</kw>
<kw name="Get From Dictionary" owner="Collections">
<msg time="2024-07-10T14:25:47.889086" level="INFO">${value} = https://opensource-demo.orangehrmlive.com/web/index.php/auth/login</msg>
<var>${value}</var>
<arg>${parsed_yaml}</arg>
<arg>${key}</arg>
<doc>Returns a value from the given ``dictionary`` based on the given ``key``.</doc>
<status status="PASS" start="2024-07-10T14:25:47.889086" elapsed="0.000000"/>
</kw>
<kw name="Set Global Variable" owner="BuiltIn">
<msg time="2024-07-10T14:25:47.890085" level="INFO">${ORANGEHRMSITE} = https://opensource-demo.orangehrmlive.com/web/index.php/auth/login</msg>
<arg>${${keyname}}</arg>
<arg>${value}</arg>
<doc>Makes a variable available globally in all tests and suites.</doc>
<status status="PASS" start="2024-07-10T14:25:47.889086" elapsed="0.000999"/>
</kw>
<var name="${key}">ORANGEHRMSITE</var>
<status status="PASS" start="2024-07-10T14:25:47.889086" elapsed="0.002000"/>
</iter>
<iter>
<kw name="Set Variable" owner="BuiltIn">
<msg time="2024-07-10T14:25:47.891086" level="INFO">${keyname} = URL</msg>
<var>${keyname}</var>
<arg>${key}</arg>
<doc>Returns the given values which can then be assigned to a variables.</doc>
<status status="PASS" start="2024-07-10T14:25:47.891086" elapsed="0.000000"/>
</kw>
<kw name="Get From Dictionary" owner="Collections">
<msg time="2024-07-10T14:25:47.891086" level="INFO">${value} = https://rahulshettyacademy.com/dropdownsPractise/</msg>
<var>${value}</var>
<arg>${parsed_yaml}</arg>
<arg>${key}</arg>
<doc>Returns a value from the given ``dictionary`` based on the given ``key``.</doc>
<status status="PASS" start="2024-07-10T14:25:47.891086" elapsed="0.000000"/>
</kw>
<kw name="Set Global Variable" owner="BuiltIn">
<msg time="2024-07-10T14:25:47.892600" level="INFO">${URL} = https://rahulshettyacademy.com/dropdownsPractise/</msg>
<arg>${${keyname}}</arg>
<arg>${value}</arg>
<doc>Makes a variable available globally in all tests and suites.</doc>
<status status="PASS" start="2024-07-10T14:25:47.891086" elapsed="0.001514"/>
</kw>
<var name="${key}">URL</var>
<status status="PASS" start="2024-07-10T14:25:47.891086" elapsed="0.001514"/>
</iter>
<iter>
<kw name="Set Variable" owner="BuiltIn">
<msg time="2024-07-10T14:25:47.893611" level="INFO">${keyname} = USER</msg>
<var>${keyname}</var>
<arg>${key}</arg>
<doc>Returns the given values which can then be assigned to a variables.</doc>
<status status="PASS" start="2024-07-10T14:25:47.893611" elapsed="0.000000"/>
</kw>
<kw name="Get From Dictionary" owner="Collections">
<msg time="2024-07-10T14:25:47.893611" level="INFO">${value} = admin</msg>
<var>${value}</var>
<arg>${parsed_yaml}</arg>
<arg>${key}</arg>
<doc>Returns a value from the given ``dictionary`` based on the given ``key``.</doc>
<status status="PASS" start="2024-07-10T14:25:47.893611" elapsed="0.000000"/>
</kw>
<kw name="Set Global Variable" owner="BuiltIn">
<msg time="2024-07-10T14:25:47.894617" level="INFO">${USER} = admin</msg>
<arg>${${keyname}}</arg>
<arg>${value}</arg>
<doc>Makes a variable available globally in all tests and suites.</doc>
<status status="PASS" start="2024-07-10T14:25:47.893611" elapsed="0.001006"/>
</kw>
<var name="${key}">USER</var>
<status status="PASS" start="2024-07-10T14:25:47.893611" elapsed="0.001006"/>
</iter>
<var>${key}</var>
<value>@{Dict_keys}</value>
<status status="PASS" start="2024-07-10T14:25:47.887085" elapsed="0.007532"/>
</for>
<status status="PASS" start="2024-07-10T14:25:47.885086" elapsed="0.009531"/>
</kw>
<status status="PASS" start="2024-07-10T14:25:47.878511" elapsed="0.016106"/>
</kw>
<suite id="s1-s1" name="Assignment" source="C:\Users\Vivek\Automation_code\rf_robot_framework\App\Testsuite\assignment.robot">
<test id="s1-s1-t1" name="verify source destination and contry option is working" line="8">
<kw name="go to site" owner="rahulshetty">
<kw name="Open Browser" owner="SeleniumLibrary">
<msg time="2024-07-10T14:25:48.264471" level="INFO">Opening browser 'Chrome' to base url 'https://rahulshettyacademy.com/dropdownsPractise/'.</msg>
<arg>${URL}</arg>
<arg>Chrome</arg>
<doc>Opens a new browser instance to the optional ``url``.</doc>
<status status="PASS" start="2024-07-10T14:25:48.264471" elapsed="5.798542"/>
</kw>
<arg>${URL}</arg>
<status status="PASS" start="2024-07-10T14:25:48.263471" elapsed="5.799542"/>
</kw>
<kw name="select origin and destination" owner="rahulshetty">
<kw name="Wait Until Element Is Enabled" owner="SeleniumLibrary">
<arg>${departure}</arg>
<arg>10s</arg>
<doc>Waits until the element ``locator`` is enabled.</doc>
<status status="PASS" start="2024-07-10T14:25:54.064032" elapsed="0.221279"/>
</kw>
<kw name="Input Text" owner="SeleniumLibrary">
<msg time="2024-07-10T14:25:54.285311" level="INFO">Typing text 'Chennai' into text field '//input[@id='ctl00_mainContent_ddl_originStation1_CTXT']'.</msg>
<arg>${departure}</arg>
<arg>Chennai</arg>
<doc>Types the given ``text`` into the text field identified by ``locator``.</doc>
<status status="PASS" start="2024-07-10T14:25:54.285311" elapsed="0.344798"/>
</kw>
<kw name="Wait Until Element Is Enabled" owner="SeleniumLibrary">
<arg>${destination}</arg>
<arg>10s</arg>
<doc>Waits until the element ``locator`` is enabled.</doc>
<status status="PASS" start="2024-07-10T14:25:54.631626" elapsed="0.178998"/>
</kw>
<kw name="Input Text" owner="SeleniumLibrary">
<msg time="2024-07-10T14:25:54.810624" level="INFO">Typing text 'BLR' into text field '//input[@id='ctl00_mainContent_ddl_destinationStation1_CTXT']'.</msg>
<arg>${destination}</arg>
<arg>BLR</arg>
<doc>Types the given ``text`` into the text field identified by ``locator``.</doc>
<status status="PASS" start="2024-07-10T14:25:54.810624" elapsed="0.303728"/>
</kw>
<status status="PASS" start="2024-07-10T14:25:54.064032" elapsed="1.051313"/>
</kw>
<tag>assignment</tag>
<status status="PASS" start="2024-07-10T14:25:48.263471" elapsed="6.852879"/>
</test>
<status status="PASS" start="2024-07-10T14:25:47.894617" elapsed="7.224727"/>
</suite>
<status status="PASS" start="2024-07-10T14:25:47.830902" elapsed="7.291953"/>
</suite>
<statistics>
<total>
<stat pass="1" fail="0" skip="0">All Tests</stat>
</total>
<tag>
<stat pass="1" fail="0" skip="0">assignment</stat>
</tag>
<suite>
<stat pass="1" fail="0" skip="0" id="s1" name="Testsuite">Testsuite</stat>
<stat pass="1" fail="0" skip="0" id="s1-s1" name="Assignment">Testsuite.Assignment</stat>
</suite>
</statistics>
<errors>
<msg time="2024-07-10T14:25:47.899621" level="ERROR">Error in file 'C:\Users\Vivek\Automation_code\rf_robot_framework\App\Testsuite\assignment.robot' on line 2: Resource file 'C:\Users\Vivek\Automation_code\rf_robot_framework\App\Resources\HomePage\homepageKeywords.robot' does not exist.</msg>
</errors>
</robot>
