<?xml version="1.0" encoding="UTF-8"?>
<robot generator="Robot 4.1.3 (Python 3.7.2 on win32)" generated="20240211 19:13:20.710" rpa="false" schemaversion="2">
<suite id="s1" name="Testsuite" source="D:\code\rf-Robot_framework\App\Testsuite">
<kw name="set paths" type="SETUP">
<kw name="Split String" library="String">
<var>${PATH}</var>
<arg>D:\\code\\rf-Robot_framework\\App\\Testsuite</arg>
<arg>${SEPERATOR}</arg>
<doc>Splits the ``string`` using ``separator`` as a delimiter string.</doc>
<msg timestamp="20240211 19:13:20.830" level="INFO">${PATH} = ['D:', 'code', 'rf-Robot_framework', 'App', 'Testsuite']</msg>
<status status="PASS" starttime="20240211 19:13:20.829" endtime="20240211 19:13:20.830"/>
</kw>
<kw name="Get Index From List" library="Collections">
<var>${END}</var>
<arg>${PATH}</arg>
<arg>App</arg>
<doc>Returns the index of the first occurrence of the ``value`` on the list.</doc>
<msg timestamp="20240211 19:13:20.831" level="INFO">${END} = 3</msg>
<status status="PASS" starttime="20240211 19:13:20.830" endtime="20240211 19:13:20.831"/>
</kw>
<kw name="Evaluate" library="BuiltIn">
<var>${NEWEND}</var>
<arg>${END}+1</arg>
<doc>Evaluates the given expression in Python and returns the result.</doc>
<msg timestamp="20240211 19:13:20.832" level="INFO">${NEWEND} = 4</msg>
<status status="PASS" starttime="20240211 19:13:20.831" endtime="20240211 19:13:20.832"/>
</kw>
<kw name="Get Slice From List" library="Collections">
<var>@{APPPATH}</var>
<arg>${PATH}</arg>
<arg>start=0</arg>
<arg>end=${NEWEND}</arg>
<doc>Returns a slice of the given list between ``start`` and ``end`` indexes.</doc>
<msg timestamp="20240211 19:13:20.833" level="INFO">@{APPPATH} = [ D: | code | rf-Robot_framework | App ]</msg>
<status status="PASS" starttime="20240211 19:13:20.832" endtime="20240211 19:13:20.833"/>
</kw>
<kw name="Catenate" library="BuiltIn">
<var>${APPDIR}</var>
<arg>SEPARATOR=${SEPERATOR}</arg>
<arg>@{APPPATH}</arg>
<doc>Catenates the given items together and returns the resulted string.</doc>
<msg timestamp="20240211 19:13:20.834" level="INFO">${APPDIR} = D:\code\rf-Robot_framework\App</msg>
<status status="PASS" starttime="20240211 19:13:20.833" endtime="20240211 19:13:20.834"/>
</kw>
<kw name="Set Global Variable" library="BuiltIn">
<arg>${APPDIR}</arg>
<doc>Makes a variable available globally in all tests and suites.</doc>
<msg timestamp="20240211 19:13:20.835" level="INFO">${APPDIR} = D:\code\rf-Robot_framework\App</msg>
<status status="PASS" starttime="20240211 19:13:20.834" endtime="20240211 19:13:20.835"/>
</kw>
<kw name="Append To List" library="Collections">
<arg>${APPPATH}</arg>
<arg>Config</arg>
<doc>Adds ``values`` to the end of ``list``.</doc>
<status status="PASS" starttime="20240211 19:13:20.835" endtime="20240211 19:13:20.836"/>
</kw>
<kw name="Catenate" library="BuiltIn">
<var>${CONFIG_DIR}</var>
<arg>SEPARATOR=${SEPERATOR}</arg>
<arg>@{APPPATH}</arg>
<doc>Catenates the given items together and returns the resulted string.</doc>
<msg timestamp="20240211 19:13:20.837" level="INFO">${CONFIG_DIR} = D:\code\rf-Robot_framework\App\Config</msg>
<status status="PASS" starttime="20240211 19:13:20.836" endtime="20240211 19:13:20.837"/>
</kw>
<kw name="Set Global Variable" library="BuiltIn">
<arg>${CONFIG_DIR}</arg>
<doc>Makes a variable available globally in all tests and suites.</doc>
<msg timestamp="20240211 19:13:20.838" level="INFO">${CONFIG_DIR} = D:\code\rf-Robot_framework\App\Config</msg>
<status status="PASS" starttime="20240211 19:13:20.837" endtime="20240211 19:13:20.838"/>
</kw>
<kw name="Remove Values From List" library="Collections">
<arg>${APPPATH}</arg>
<arg>Config</arg>
<doc>Removes all occurrences of given ``values`` from ``list``.</doc>
<status status="PASS" starttime="20240211 19:13:20.838" endtime="20240211 19:13:20.838"/>
</kw>
<kw name="Append To List" library="Collections">
<arg>${APPPATH}</arg>
<arg>Libraries</arg>
<doc>Adds ``values`` to the end of ``list``.</doc>
<status status="PASS" starttime="20240211 19:13:20.839" endtime="20240211 19:13:20.839"/>
</kw>
<kw name="Catenate" library="BuiltIn">
<var>${LIBRARIES_DIR}</var>
<arg>SEPARATOR=${SEPERATOR}</arg>
<arg>@{APPPATH}</arg>
<doc>Catenates the given items together and returns the resulted string.</doc>
<msg timestamp="20240211 19:13:20.840" level="INFO">${LIBRARIES_DIR} = D:\code\rf-Robot_framework\App\Libraries</msg>
<status status="PASS" starttime="20240211 19:13:20.839" endtime="20240211 19:13:20.840"/>
</kw>
<kw name="Set Global Variable" library="BuiltIn">
<arg>${LIBRARIES_DIR}</arg>
<doc>Makes a variable available globally in all tests and suites.</doc>
<msg timestamp="20240211 19:13:20.841" level="INFO">${LIBRARIES_DIR} = D:\code\rf-Robot_framework\App\Libraries</msg>
<status status="PASS" starttime="20240211 19:13:20.840" endtime="20240211 19:13:20.841"/>
</kw>
<kw name="Remove Values From List" library="Collections">
<arg>${APPPATH}</arg>
<arg>Libraries</arg>
<doc>Removes all occurrences of given ``values`` from ``list``.</doc>
<status status="PASS" starttime="20240211 19:13:20.841" endtime="20240211 19:13:20.842"/>
</kw>
<kw name="Append To List" library="Collections">
<arg>${APPPATH}</arg>
<arg>Resources</arg>
<doc>Adds ``values`` to the end of ``list``.</doc>
<status status="PASS" starttime="20240211 19:13:20.842" endtime="20240211 19:13:20.843"/>
</kw>
<kw name="Catenate" library="BuiltIn">
<var>${RESOURCES_DIR}</var>
<arg>SEPARATOR=${SEPERATOR}</arg>
<arg>@{APPPATH}</arg>
<doc>Catenates the given items together and returns the resulted string.</doc>
<msg timestamp="20240211 19:13:20.844" level="INFO">${RESOURCES_DIR} = D:\code\rf-Robot_framework\App\Resources</msg>
<status status="PASS" starttime="20240211 19:13:20.843" endtime="20240211 19:13:20.844"/>
</kw>
<kw name="Set Global Variable" library="BuiltIn">
<arg>${RESOURCES_DIR}</arg>
<doc>Makes a variable available globally in all tests and suites.</doc>
<msg timestamp="20240211 19:13:20.845" level="INFO">${RESOURCES_DIR} = D:\code\rf-Robot_framework\App\Resources</msg>
<status status="PASS" starttime="20240211 19:13:20.844" endtime="20240211 19:13:20.845"/>
</kw>
<kw name="Remove Values From List" library="Collections">
<arg>${APPPATH}</arg>
<arg>Resources</arg>
<doc>Removes all occurrences of given ``values`` from ``list``.</doc>
<status status="PASS" starttime="20240211 19:13:20.845" endtime="20240211 19:13:20.846"/>
</kw>
<kw name="Append To List" library="Collections">
<arg>${APPPATH}</arg>
<arg>Testdata</arg>
<doc>Adds ``values`` to the end of ``list``.</doc>
<status status="PASS" starttime="20240211 19:13:20.846" endtime="20240211 19:13:20.847"/>
</kw>
<kw name="Catenate" library="BuiltIn">
<var>${TESTDATA_DIR}</var>
<arg>SEPARATOR=${SEPERATOR}</arg>
<arg>@{APPPATH}</arg>
<doc>Catenates the given items together and returns the resulted string.</doc>
<msg timestamp="20240211 19:13:20.848" level="INFO">${TESTDATA_DIR} = D:\code\rf-Robot_framework\App\Testdata</msg>
<status status="PASS" starttime="20240211 19:13:20.847" endtime="20240211 19:13:20.848"/>
</kw>
<kw name="Set Global Variable" library="BuiltIn">
<arg>${TESTDATA_DIR}</arg>
<doc>Makes a variable available globally in all tests and suites.</doc>
<msg timestamp="20240211 19:13:20.849" level="INFO">${TESTDATA_DIR} = D:\code\rf-Robot_framework\App\Testdata</msg>
<status status="PASS" starttime="20240211 19:13:20.848" endtime="20240211 19:13:20.849"/>
</kw>
<kw name="Remove Values From List" library="Collections">
<arg>${APPPATH}</arg>
<arg>Testdata</arg>
<doc>Removes all occurrences of given ``values`` from ``list``.</doc>
<status status="PASS" starttime="20240211 19:13:20.849" endtime="20240211 19:13:20.850"/>
</kw>
<kw name="Append To List" library="Collections">
<arg>${APPPATH}</arg>
<arg>Testsuite</arg>
<doc>Adds ``values`` to the end of ``list``.</doc>
<status status="PASS" starttime="20240211 19:13:20.850" endtime="20240211 19:13:20.850"/>
</kw>
<kw name="Catenate" library="BuiltIn">
<var>${TESTSUITE_DIR}</var>
<arg>SEPARATOR=${SEPERATOR}</arg>
<arg>@{APPPATH}</arg>
<doc>Catenates the given items together and returns the resulted string.</doc>
<msg timestamp="20240211 19:13:20.852" level="INFO">${TESTSUITE_DIR} = D:\code\rf-Robot_framework\App\Testsuite</msg>
<status status="PASS" starttime="20240211 19:13:20.851" endtime="20240211 19:13:20.852"/>
</kw>
<kw name="Set Global Variable" library="BuiltIn">
<arg>${TESTSUITE_DIR}</arg>
<doc>Makes a variable available globally in all tests and suites.</doc>
<msg timestamp="20240211 19:13:20.853" level="INFO">${TESTSUITE_DIR} = D:\code\rf-Robot_framework\App\Testsuite</msg>
<status status="PASS" starttime="20240211 19:13:20.852" endtime="20240211 19:13:20.853"/>
</kw>
<kw name="Remove Values From List" library="Collections">
<arg>${APPPATH}</arg>
<arg>Testsuite</arg>
<doc>Removes all occurrences of given ``values`` from ``list``.</doc>
<status status="PASS" starttime="20240211 19:13:20.853" endtime="20240211 19:13:20.853"/>
</kw>
<kw name="Load Environment Variables">
<kw name="Set Variable" library="BuiltIn">
<var>${yaml_file}</var>
<arg>${CONFIG_DIR}${SEPERATOR}config.yaml</arg>
<doc>Returns the given values which can then be assigned to a variables.</doc>
<msg timestamp="20240211 19:13:20.855" level="INFO">${yaml_file} = D:\code\rf-Robot_framework\App\Config\config.yaml</msg>
<status status="PASS" starttime="20240211 19:13:20.854" endtime="20240211 19:13:20.855"/>
</kw>
<kw name="Get File" library="OperatingSystem">
<var>${file_content}</var>
<arg>${yaml_file}</arg>
<doc>Returns the contents of a specified file.</doc>
<msg timestamp="20240211 19:13:20.856" level="INFO" html="true">Getting file '&lt;a href="file://D:\code\rf-Robot_framework\App\Config\config.yaml"&gt;D:\code\rf-Robot_framework\App\Config\config.yaml&lt;/a&gt;'.</msg>
<msg timestamp="20240211 19:13:20.857" level="INFO">${file_content} = URL: https://www.amazon.in/
ORANGEHRMSITE: https://opensource-demo.orangehrmlive.com/web/index.php/auth/login
USER: admin
GLOBALWAIT: 10s
</msg>
<status status="PASS" starttime="20240211 19:13:20.855" endtime="20240211 19:13:20.857"/>
</kw>
<kw name="Evaluate" library="BuiltIn">
<var>${parsed_yaml}</var>
<arg>yaml.load('''${file_content}''', Loader=yaml.FullLoader)</arg>
<doc>Evaluates the given expression in Python and returns the result.</doc>
<msg timestamp="20240211 19:13:20.859" level="INFO">${parsed_yaml} = {'URL': 'https://www.amazon.in/', 'ORANGEHRMSITE': 'https://opensource-demo.orangehrmlive.com/web/index.php/auth/login', 'USER': 'admin', 'GLOBALWAIT': '10s'}</msg>
<status status="PASS" starttime="20240211 19:13:20.857" endtime="20240211 19:13:20.859"/>
</kw>
<kw name="Get Dictionary Keys" library="Collections">
<var>${Dict_keys}</var>
<arg>${parsed_yaml}</arg>
<doc>Returns keys of the given ``dictionary`` as a list.</doc>
<msg timestamp="20240211 19:13:20.860" level="INFO">${Dict_keys} = ['GLOBALWAIT', 'ORANGEHRMSITE', 'URL', 'USER']</msg>
<status status="PASS" starttime="20240211 19:13:20.860" endtime="20240211 19:13:20.860"/>
</kw>
<kw name="Get Length" library="BuiltIn">
<var>${Dictionary_count}</var>
<arg>${Dict_keys}</arg>
<doc>Returns and logs the length of the given item as an integer.</doc>
<msg timestamp="20240211 19:13:20.861" level="INFO">Length is 4</msg>
<msg timestamp="20240211 19:13:20.861" level="INFO">${Dictionary_count} = 4</msg>
<status status="PASS" starttime="20240211 19:13:20.861" endtime="20240211 19:13:20.861"/>
</kw>
<for flavor="IN">
<var>${key}</var>
<value>@{Dict_keys}</value>
<iter>
<var name="${key}">GLOBALWAIT</var>
<kw name="Set Variable" library="BuiltIn">
<var>${keyname}</var>
<arg>${key}</arg>
<doc>Returns the given values which can then be assigned to a variables.</doc>
<msg timestamp="20240211 19:13:20.863" level="INFO">${keyname} = GLOBALWAIT</msg>
<status status="PASS" starttime="20240211 19:13:20.862" endtime="20240211 19:13:20.863"/>
</kw>
<kw name="Get From Dictionary" library="Collections">
<var>${value}</var>
<arg>${parsed_yaml}</arg>
<arg>${key}</arg>
<doc>Returns a value from the given ``dictionary`` based on the given ``key``.</doc>
<msg timestamp="20240211 19:13:20.864" level="INFO">${value} = 10s</msg>
<status status="PASS" starttime="20240211 19:13:20.863" endtime="20240211 19:13:20.864"/>
</kw>
<kw name="Set Global Variable" library="BuiltIn">
<arg>${${keyname}}</arg>
<arg>${value}</arg>
<doc>Makes a variable available globally in all tests and suites.</doc>
<msg timestamp="20240211 19:13:20.867" level="INFO">${GLOBALWAIT} = 10s</msg>
<status status="PASS" starttime="20240211 19:13:20.864" endtime="20240211 19:13:20.867"/>
</kw>
<status status="PASS" starttime="20240211 19:13:20.862" endtime="20240211 19:13:20.867"/>
</iter>
<iter>
<var name="${key}">ORANGEHRMSITE</var>
<kw name="Set Variable" library="BuiltIn">
<var>${keyname}</var>
<arg>${key}</arg>
<doc>Returns the given values which can then be assigned to a variables.</doc>
<msg timestamp="20240211 19:13:20.868" level="INFO">${keyname} = ORANGEHRMSITE</msg>
<status status="PASS" starttime="20240211 19:13:20.868" endtime="20240211 19:13:20.868"/>
</kw>
<kw name="Get From Dictionary" library="Collections">
<var>${value}</var>
<arg>${parsed_yaml}</arg>
<arg>${key}</arg>
<doc>Returns a value from the given ``dictionary`` based on the given ``key``.</doc>
<msg timestamp="20240211 19:13:20.869" level="INFO">${value} = https://opensource-demo.orangehrmlive.com/web/index.php/auth/login</msg>
<status status="PASS" starttime="20240211 19:13:20.868" endtime="20240211 19:13:20.869"/>
</kw>
<kw name="Set Global Variable" library="BuiltIn">
<arg>${${keyname}}</arg>
<arg>${value}</arg>
<doc>Makes a variable available globally in all tests and suites.</doc>
<msg timestamp="20240211 19:13:20.873" level="INFO">${ORANGEHRMSITE} = https://opensource-demo.orangehrmlive.com/web/index.php/auth/login</msg>
<status status="PASS" starttime="20240211 19:13:20.869" endtime="20240211 19:13:20.874"/>
</kw>
<status status="PASS" starttime="20240211 19:13:20.867" endtime="20240211 19:13:20.874"/>
</iter>
<iter>
<var name="${key}">URL</var>
<kw name="Set Variable" library="BuiltIn">
<var>${keyname}</var>
<arg>${key}</arg>
<doc>Returns the given values which can then be assigned to a variables.</doc>
<msg timestamp="20240211 19:13:20.875" level="INFO">${keyname} = URL</msg>
<status status="PASS" starttime="20240211 19:13:20.874" endtime="20240211 19:13:20.875"/>
</kw>
<kw name="Get From Dictionary" library="Collections">
<var>${value}</var>
<arg>${parsed_yaml}</arg>
<arg>${key}</arg>
<doc>Returns a value from the given ``dictionary`` based on the given ``key``.</doc>
<msg timestamp="20240211 19:13:20.876" level="INFO">${value} = https://www.amazon.in/</msg>
<status status="PASS" starttime="20240211 19:13:20.875" endtime="20240211 19:13:20.876"/>
</kw>
<kw name="Set Global Variable" library="BuiltIn">
<arg>${${keyname}}</arg>
<arg>${value}</arg>
<doc>Makes a variable available globally in all tests and suites.</doc>
<msg timestamp="20240211 19:13:20.879" level="INFO">${URL} = https://www.amazon.in/</msg>
<status status="PASS" starttime="20240211 19:13:20.877" endtime="20240211 19:13:20.879"/>
</kw>
<status status="PASS" starttime="20240211 19:13:20.874" endtime="20240211 19:13:20.880"/>
</iter>
<iter>
<var name="${key}">USER</var>
<kw name="Set Variable" library="BuiltIn">
<var>${keyname}</var>
<arg>${key}</arg>
<doc>Returns the given values which can then be assigned to a variables.</doc>
<msg timestamp="20240211 19:13:20.880" level="INFO">${keyname} = USER</msg>
<status status="PASS" starttime="20240211 19:13:20.880" endtime="20240211 19:13:20.881"/>
</kw>
<kw name="Get From Dictionary" library="Collections">
<var>${value}</var>
<arg>${parsed_yaml}</arg>
<arg>${key}</arg>
<doc>Returns a value from the given ``dictionary`` based on the given ``key``.</doc>
<msg timestamp="20240211 19:13:20.881" level="INFO">${value} = admin</msg>
<status status="PASS" starttime="20240211 19:13:20.881" endtime="20240211 19:13:20.881"/>
</kw>
<kw name="Set Global Variable" library="BuiltIn">
<arg>${${keyname}}</arg>
<arg>${value}</arg>
<doc>Makes a variable available globally in all tests and suites.</doc>
<msg timestamp="20240211 19:13:20.887" level="INFO">${USER} = admin</msg>
<status status="PASS" starttime="20240211 19:13:20.882" endtime="20240211 19:13:20.887"/>
</kw>
<status status="PASS" starttime="20240211 19:13:20.880" endtime="20240211 19:13:20.887"/>
</iter>
<status status="PASS" starttime="20240211 19:13:20.861" endtime="20240211 19:13:20.887"/>
</for>
<status status="PASS" starttime="20240211 19:13:20.854" endtime="20240211 19:13:20.887"/>
</kw>
<status status="PASS" starttime="20240211 19:13:20.828" endtime="20240211 19:13:20.888"/>
</kw>
<suite id="s1-s1" name="OrangeHRM" source="D:\code\rf-Robot_framework\App\Testsuite\OrangeHRM.robot">
<test id="s1-s1-t1" name="Login to orange HRM site using credentials stored in keepass file">
<kw name="go to site" library="OrangeHRMKeywords">
<arg>${ORANGEHRMSITE}</arg>
<kw name="Open Browser" library="SeleniumLibrary">
<arg>${URL}</arg>
<doc>Opens a new browser instance to the optional ``url``.</doc>
<msg timestamp="20240211 19:13:21.908" level="INFO">Opening browser 'firefox' to base url 'https://opensource-demo.orangehrmlive.com/web/index.php/auth/login'.</msg>
<msg timestamp="20240211 19:13:21.914" level="INFO">Firefox driver log is always forced to to: D:\code\rf-Robot_framework\App\Results\geckodriver-21.log</msg>
<status status="PASS" starttime="20240211 19:13:21.908" endtime="20240211 19:13:48.591"/>
</kw>
<status status="PASS" starttime="20240211 19:13:21.907" endtime="20240211 19:13:48.592"/>
</kw>
<kw name="login to orangeHRM" library="OrangeHRMKeywords">
<kw name="Set Log Level" library="BuiltIn">
<arg>NONE</arg>
<doc>Sets the log threshold to the specified level and returns the old level.</doc>
<status status="PASS" starttime="20240211 19:13:48.594" endtime="20240211 19:13:48.595"/>
</kw>
<kw name="Get Credentials From Keepass" library="keepassHelper">
<var>${Cred}</var>
<arg>${KEEPWD}</arg>
<arg>${USER}</arg>
<status status="PASS" starttime="20240211 19:13:48.595" endtime="20240211 19:13:49.320"/>
</kw>
<kw name="Set Test Variable" library="BuiltIn">
<arg>${Cred}</arg>
<doc>Makes a variable available everywhere within the scope of the current test.</doc>
<status status="PASS" starttime="20240211 19:13:49.320" endtime="20240211 19:13:49.321"/>
</kw>
<kw name="Set Log Level" library="BuiltIn">
<arg>INFO</arg>
<doc>Sets the log threshold to the specified level and returns the old level.</doc>
<msg timestamp="20240211 19:13:49.322" level="INFO">Log level changed from NONE to INFO.</msg>
<status status="PASS" starttime="20240211 19:13:49.321" endtime="20240211 19:13:49.322"/>
</kw>
<kw name="enter username" library="OrangeHRMKeywords">
<kw name="Wait Until Element Is Enabled" library="SeleniumLibrary">
<arg>${username_field}</arg>
<arg>${GLOBALWAIT}</arg>
<doc>Waits until the element ``locator`` is enabled.</doc>
<status status="PASS" starttime="20240211 19:13:49.323" endtime="20240211 19:13:50.098"/>
</kw>
<kw name="Input Text" library="SeleniumLibrary">
<arg>${username_field}</arg>
<arg>${Cred}[username]</arg>
<doc>Types the given ``text`` into the text field identified by ``locator``.</doc>
<msg timestamp="20240211 19:13:50.100" level="INFO">Typing text 'Admin' into text field '//input[@name='username']'.</msg>
<status status="PASS" starttime="20240211 19:13:50.099" endtime="20240211 19:13:50.339"/>
</kw>
<status status="PASS" starttime="20240211 19:13:49.322" endtime="20240211 19:13:50.340"/>
</kw>
<kw name="enter password" library="OrangeHRMKeywords">
<kw name="Wait Until Element Is Enabled" library="SeleniumLibrary">
<arg>${password_field}</arg>
<arg>${GLOBALWAIT}</arg>
<doc>Waits until the element ``locator`` is enabled.</doc>
<status status="PASS" starttime="20240211 19:13:50.341" endtime="20240211 19:13:50.407"/>
</kw>
<kw name="Input Text" library="SeleniumLibrary">
<arg>${password_field}</arg>
<arg>${Cred}[password]</arg>
<doc>Types the given ``text`` into the text field identified by ``locator``.</doc>
<msg timestamp="20240211 19:13:50.408" level="INFO">Typing text 'admin123' into text field '//input[@name='password']'.</msg>
<status status="PASS" starttime="20240211 19:13:50.407" endtime="20240211 19:13:50.479"/>
</kw>
<status status="PASS" starttime="20240211 19:13:50.340" endtime="20240211 19:13:50.480"/>
</kw>
<kw name="click on login button" library="OrangeHRMKeywords">
<kw name="Click Element" library="SeleniumLibrary">
<arg>${login_btn}</arg>
<doc>Click the element identified by ``locator``.</doc>
<msg timestamp="20240211 19:13:50.482" level="INFO">Clicking element '//button[@type='submit']'.</msg>
<status status="PASS" starttime="20240211 19:13:50.481" endtime="20240211 19:13:52.069"/>
</kw>
<status status="PASS" starttime="20240211 19:13:50.480" endtime="20240211 19:13:52.070"/>
</kw>
<status status="PASS" starttime="20240211 19:13:48.593" endtime="20240211 19:13:52.070"/>
</kw>
<tag>Login</tag>
<status status="PASS" starttime="20240211 19:13:21.905" endtime="20240211 19:13:52.071"/>
</test>
<doc>demo testcases for check login to orange HRM website using crendtials from keepass file</doc>
<status status="PASS" starttime="20240211 19:13:20.888" endtime="20240211 19:13:52.082"/>
</suite>
<status status="PASS" starttime="20240211 19:13:20.714" endtime="20240211 19:13:52.085"/>
</suite>
<statistics>
<total>
<stat pass="1" fail="0" skip="0">All Tests</stat>
</total>
<tag>
<stat pass="1" fail="0" skip="0">Login</stat>
</tag>
<suite>
<stat pass="1" fail="0" skip="0" id="s1" name="Testsuite">Testsuite</stat>
<stat pass="1" fail="0" skip="0" id="s1-s1" name="OrangeHRM">Testsuite.OrangeHRM</stat>
</suite>
</statistics>
<errors>
<msg timestamp="20240211 19:13:20.825" level="ERROR">Error in file 'D:\code\rf-Robot_framework\App\Testsuite' on line 5: Importing library 'YAML' failed: ModuleNotFoundError: No module named 'YAML'
Traceback (most recent call last):
  None
PYTHONPATH:
  C:\Users\Vivek\AppData\Local\Programs\Python\Python37\Scripts\robot.exe
  c:\users\vivek\appdata\local\programs\python\python37\python37.zip
  c:\users\vivek\appdata\local\programs\python\python37\DLLs
  c:\users\vivek\appdata\local\programs\python\python37\lib
  c:\users\vivek\appdata\local\programs\python\python37
  c:\users\vivek\appdata\local\programs\python\python37\lib\site-packages</msg>
</errors>
</robot>
